# JRE version: OpenJDK Runtime Environment Temurin-22.0.2+9 (22.0.2+9) (build 22.0.2+9)
# Java VM: OpenJDK 64-Bit Server VM Temurin-22.0.2+9 (22.0.2+9, mixed mode, tiered, compressed oops, compressed class ptrs, g1 gc, windows-amd64)
GC Precious Log:
 CardTable entry size: 512
 Card Set container configuration: InlinePtr #cards 4 size 8 Array Of Cards #cards 16 size 48 Howl #buckets 8 coarsen threshold 3686 Howl Bitmap #cards 512 size 80 coarsen threshold 460 Card regions per heap region 1 cards per card region 4096
 CPUs: 12 total, 12 available
 Memory: 16052M
 Large Page Support: Disabled
 NUMA Support: Disabled
 Compressed Oops: Enabled (Zero based)
 Heap Region Size: 2M
 Heap Min Capacity: 8M
 Heap Initial Capacity: 252M
 Heap Max Capacity: 4014M
 Pre-touch: Disabled
 Parallel Workers: 10
 Concurrent Workers: 3
 Concurrent Refinement Workers: 10
 Periodic GC: Disabled
Heap:
 garbage-first heap   total reserved 4110336K, committed 96256K, used 81779K [0x0000000705200000, 0x0000000800000000)
  region size 2048K, 31 young (63488K), 3 survivors (6144K)
 Metaspace       used 79598K, committed 80384K, reserved 1179648K
  class space    used 10056K, committed 10432K, reserved 1048576K
GC Heap History (20 events):
Event: 4.601 GC heap after
{Heap after GC invocations=12 (full 0):
 garbage-first heap   total reserved 4110336K, committed 65536K, used 18020K [0x0000000705200000, 0x0000000800000000)
  region size 2048K, 2 young (4096K), 2 survivors (4096K)
 Metaspace       used 42259K, committed 42816K, reserved 1114112K
  class space    used 4874K, committed 5120K, reserved 1048576K
}
Event: 5.017 GC heap before
{Heap before GC invocations=12 (full 0):
 garbage-first heap   total reserved 4110336K, committed 65536K, used 52836K [0x0000000705200000, 0x0000000800000000)
  region size 2048K, 19 young (38912K), 2 survivors (4096K)
 Metaspace       used 45469K, committed 46080K, reserved 1114112K
  class space    used 5318K, committed 5568K, reserved 1048576K
}
Event: 5.023 GC heap after
{Heap after GC invocations=13 (full 0):
 garbage-first heap   total reserved 4110336K, committed 79872K, used 18832K [0x0000000705200000, 0x0000000800000000)
  region size 2048K, 1 young (2048K), 1 survivors (2048K)
 Metaspace       used 45469K, committed 46080K, reserved 1114112K
  class space    used 5318K, committed 5568K, reserved 1048576K
}
Event: 5.632 GC heap before
{Heap before GC invocations=13 (full 0):
 garbage-first heap   total reserved 4110336K, committed 79872K, used 63888K [0x0000000705200000, 0x0000000800000000)
  region size 2048K, 23 young (47104K), 1 survivors (2048K)
 Metaspace       used 49440K, committed 50048K, reserved 1114112K
  class space    used 6007K, committed 6272K, reserved 1048576K
}
Event: 5.636 GC heap after
{Heap after GC invocations=14 (full 0):
 garbage-first heap   total reserved 4110336K, committed 79872K, used 19456K [0x0000000705200000, 0x0000000800000000)
  region size 2048K, 2 young (4096K), 2 survivors (4096K)
 Metaspace       used 49440K, committed 50048K, reserved 1114112K
  class space    used 6007K, committed 6272K, reserved 1048576K
}
Event: 6.244 GC heap before
{Heap before GC invocations=14 (full 0):
 garbage-first heap   total reserved 4110336K, committed 79872K, used 62464K [0x0000000705200000, 0x0000000800000000)
  region size 2048K, 23 young (47104K), 2 survivors (4096K)
 Metaspace       used 56957K, committed 57536K, reserved 1114112K
  class space    used 6884K, committed 7104K, reserved 1048576K
}
Event: 6.249 GC heap after
{Heap after GC invocations=15 (full 0):
 garbage-first heap   total reserved 4110336K, committed 79872K, used 21413K [0x0000000705200000, 0x0000000800000000)
  region size 2048K, 3 young (6144K), 3 survivors (6144K)
 Metaspace       used 56957K, committed 57536K, reserved 1114112K
  class space    used 6884K, committed 7104K, reserved 1048576K
}
Event: 6.772 GC heap before
{Heap before GC invocations=15 (full 0):
 garbage-first heap   total reserved 4110336K, committed 79872K, used 54181K [0x0000000705200000, 0x0000000800000000)
  region size 2048K, 20 young (40960K), 3 survivors (6144K)
 Metaspace       used 59896K, committed 60416K, reserved 1114112K
  class space    used 7289K, committed 7552K, reserved 1048576K
}
Event: 6.777 GC heap after
{Heap after GC invocations=16 (full 0):
 garbage-first heap   total reserved 4110336K, committed 79872K, used 22908K [0x0000000705200000, 0x0000000800000000)
  region size 2048K, 3 young (6144K), 3 survivors (6144K)
 Metaspace       used 59896K, committed 60416K, reserved 1114112K
  class space    used 7289K, committed 7552K, reserved 1048576K
}
Event: 7.327 GC heap before
{Heap before GC invocations=17 (full 0):
 garbage-first heap   total reserved 4110336K, committed 79872K, used 61820K [0x0000000705200000, 0x0000000800000000)
  region size 2048K, 23 young (47104K), 3 survivors (6144K)
 Metaspace       used 64126K, committed 64640K, reserved 1114112K
  class space    used 7917K, committed 8128K, reserved 1048576K
}
Event: 7.333 GC heap after
{Heap after GC invocations=18 (full 0):
 garbage-first heap   total reserved 4110336K, committed 79872K, used 23365K [0x0000000705200000, 0x0000000800000000)
  region size 2048K, 2 young (4096K), 2 survivors (4096K)
 Metaspace       used 64126K, committed 64640K, reserved 1114112K
  class space    used 7917K, committed 8128K, reserved 1048576K
}
Event: 7.730 GC heap before
{Heap before GC invocations=18 (full 0):
 garbage-first heap   total reserved 4110336K, committed 79872K, used 66373K [0x0000000705200000, 0x0000000800000000)
  region size 2048K, 23 young (47104K), 2 survivors (4096K)
 Metaspace       used 68384K, committed 68928K, reserved 1114112K
  class space    used 8616K, committed 8832K, reserved 1048576K
}
Event: 7.735 GC heap after
{Heap after GC invocations=19 (full 0):
 garbage-first heap   total reserved 4110336K, committed 79872K, used 24886K [0x0000000705200000, 0x0000000800000000)
  region size 2048K, 2 young (4096K), 2 survivors (4096K)
 Metaspace       used 68384K, committed 68928K, reserved 1114112K
  class space    used 8616K, committed 8832K, reserved 1048576K
}
Event: 8.123 GC heap before
{Heap before GC invocations=19 (full 0):
 garbage-first heap   total reserved 4110336K, committed 79872K, used 67894K [0x0000000705200000, 0x0000000800000000)
  region size 2048K, 23 young (47104K), 2 survivors (4096K)
 Metaspace       used 72643K, committed 73216K, reserved 1114112K
  class space    used 9134K, committed 9344K, reserved 1048576K
}
Event: 8.128 GC heap after
{Heap after GC invocations=20 (full 0):
 garbage-first heap   total reserved 4110336K, committed 96256K, used 25145K [0x0000000705200000, 0x0000000800000000)
  region size 2048K, 2 young (4096K), 2 survivors (4096K)
 Metaspace       used 72643K, committed 73216K, reserved 1114112K
  class space    used 9134K, committed 9344K, reserved 1048576K
}
Event: 8.911 GC heap before
{Heap before GC invocations=20 (full 0):
 garbage-first heap   total reserved 4110336K, committed 96256K, used 78393K [0x0000000705200000, 0x0000000800000000)
  region size 2048K, 28 young (57344K), 2 survivors (4096K)
 Metaspace       used 76488K, committed 77120K, reserved 1179648K
  class space    used 9708K, committed 9984K, reserved 1048576K
}
Event: 8.919 GC heap after
{Heap after GC invocations=21 (full 0):
 garbage-first heap   total reserved 4110336K, committed 96256K, used 28233K [0x0000000705200000, 0x0000000800000000)
  region size 2048K, 3 young (6144K), 3 survivors (6144K)
 Metaspace       used 76488K, committed 77120K, reserved 1179648K
  class space    used 9708K, committed 9984K, reserved 1048576K
}
Event: 184.523 GC heap before
{Heap before GC invocations=21 (full 0):
 garbage-first heap   total reserved 4110336K, committed 96256K, used 52809K [0x0000000705200000, 0x0000000800000000)
  region size 2048K, 17 young (34816K), 3 survivors (6144K)
 Metaspace       used 78940K, committed 79680K, reserved 1179648K
  class space    used 10033K, committed 10368K, reserved 1048576K
}
Event: 184.589 GC heap after
{Heap after GC invocations=22 (full 1):
 garbage-first heap   total reserved 4110336K, committed 96256K, used 24435K [0x0000000705200000, 0x0000000800000000)
  region size 2048K, 0 young (0K), 0 survivors (0K)
 Metaspace       used 78940K, committed 79680K, reserved 1179648K
  class space    used 10033K, committed 10368K, reserved 1048576K
}
Event: 6961.574 GC heap before
{Heap before GC invocations=22 (full 1):
 garbage-first heap   total reserved 4110336K, committed 96256K, used 81779K [0x0000000705200000, 0x0000000800000000)
  region size 2048K, 28 young (57344K), 0 survivors (0K)
 Metaspace       used 79598K, committed 80384K, reserved 1179648K
  class space    used 10056K, committed 10432K, reserved 1048576K
}

